<?xml version="1.0" encoding="UTF-8"?>
<testng-results skipped="0" failed="0" ignored="0" total="1" passed="1">
  <reporter-output>
  </reporter-output>
  <suite name="Default suite" duration-ms="71283" started-at="2022-10-17T20:46:51 IST" finished-at="2022-10-17T20:48:02 IST">
    <groups>
    </groups>
    <test name="Default test" duration-ms="71283" started-at="2022-10-17T20:46:51 IST" finished-at="2022-10-17T20:48:02 IST">
      <class name="com.Ecommerce_test">
        <test-method status="PASS" signature="beforemethod()[pri:0, instance:com.Ecommerce_test@7f13d6e]" name="beforemethod" is-config="true" duration-ms="4" started-at="2022-10-17T20:46:51 IST" finished-at="2022-10-17T20:46:51 IST">
          <reporter-output>
          </reporter-output>
        </test-method> <!-- beforemethod -->
        <test-method status="PASS" signature="ecommerce_test()[pri:0, instance:com.Ecommerce_test@7f13d6e]" name="ecommerce_test" duration-ms="71237" started-at="2022-10-17T20:46:51 IST" finished-at="2022-10-17T20:48:02 IST">
          <reporter-output>
          </reporter-output>
        </test-method> <!-- ecommerce_test -->
      </class> <!-- com.Ecommerce_test -->
    </test> <!-- Default test -->
  </suite> <!-- Default suite -->
</testng-results>
