<?xml version="1.0" encoding="UTF-8"?>
<testng-results skipped="0" failed="0" ignored="0" total="1" passed="1">
  <reporter-output>
  </reporter-output>
  <suite name="Default suite" duration-ms="38231" started-at="2022-10-20T22:07:59 IST" finished-at="2022-10-20T22:08:37 IST">
    <groups>
    </groups>
    <test name="Default test" duration-ms="38231" started-at="2022-10-20T22:07:59 IST" finished-at="2022-10-20T22:08:37 IST">
      <class name="com.Aaadhar_app">
        <test-method status="PASS" signature="beforemethod()[pri:0, instance:com.Aaadhar_app@64729b1e]" name="beforemethod" is-config="true" duration-ms="6" started-at="2022-10-20T22:07:59 IST" finished-at="2022-10-20T22:07:59 IST">
          <reporter-output>
          </reporter-output>
        </test-method> <!-- beforemethod -->
        <test-method status="PASS" signature="app_test()[pri:0, instance:com.Aaadhar_app@64729b1e]" name="app_test" duration-ms="38164" started-at="2022-10-20T22:07:59 IST" finished-at="2022-10-20T22:08:37 IST">
          <reporter-output>
          </reporter-output>
        </test-method> <!-- app_test -->
      </class> <!-- com.Aaadhar_app -->
    </test> <!-- Default test -->
  </suite> <!-- Default suite -->
</testng-results>
